#-----------------------------------------------------------
# Vivado v2018.3 (64-bit)
# SW Build 2405991 on Thu Dec  6 23:38:27 MST 2018
# IP Build 2404404 on Fri Dec  7 01:43:56 MST 2018
# Start of session at: Fri Apr 10 21:08:24 2026
# Process ID: 3092
# Current directory: D:/FFT/FFT Architecture
# Command line: vivado.exe -gui_launcher_event rodinguilauncherevent11672 D:\FFT\FFT Architecture\prg16.xpr
# Log file: D:/FFT/FFT Architecture/vivado.log
# Journal file: D:/FFT/FFT Architecture\vivado.jou
#-----------------------------------------------------------
start_gui
open_project {D:/FFT/FFT Architecture/prg16.xpr}
Scanning sources...
Finished scanning sources
INFO: [IP_Flow 19-234] Refreshing IP repositories
INFO: [IP_Flow 19-1704] No user IP repositories specified
INFO: [IP_Flow 19-2313] Loaded Vivado IP repository 'D:/Vivado/2018.3/data/ip'.
open_project: Time (s): cpu = 00:00:28 ; elapsed = 00:00:14 . Memory (MB): peak = 822.258 ; gain = 190.098
update_compile_order -fileset sources_1
launch_simulation
INFO: [Vivado 12-5682] Launching behavioral simulation in 'D:/FFT/FFT Architecture/prg16.sim/sim_1/behav/xsim'
INFO: [SIM-utils-51] Simulation object is 'sim_1'
INFO: [SIM-utils-54] Inspecting design source files for 'fft8_tb' in fileset 'sim_1'...
INFO: [USF-XSim-97] Finding global include files...
INFO: [USF-XSim-98] Fetching design files from 'sim_1'...
INFO: [USF-XSim-2] XSim::Compile design
INFO: [USF-XSim-61] Executing 'COMPILE and ANALYZE' step in 'D:/FFT/FFT Architecture/prg16.sim/sim_1/behav/xsim'
"xvlog --incr --relax -prj fft8_tb_vlog.prj"
INFO: [USF-XSim-69] 'compile' step finished in '3' seconds
INFO: [USF-XSim-3] XSim::Elaborate design
INFO: [USF-XSim-61] Executing 'ELABORATE' step in 'D:/FFT/FFT Architecture/prg16.sim/sim_1/behav/xsim'
Vivado Simulator 2018.3
Copyright 1986-1999, 2001-2018 Xilinx, Inc. All Rights Reserved.
Running: D:/Vivado/2018.3/bin/unwrapped/win64.o/xelab.exe -wto fe9f048b3c284dc98ed9886bd14248fd --incr --debug typical --relax --mt 2 -L xil_defaultlib -L unisims_ver -L unimacro_ver -L secureip --snapshot fft8_tb_behav xil_defaultlib.fft8_tb xil_defaultlib.glbl -log elaborate.log 
Using 2 slave threads.
Starting static elaboration
Completed static elaboration
INFO: [XSIM 43-4323] No Change in HDL. Linking previously generated obj files to create kernel
INFO: [USF-XSim-69] 'elaborate' step finished in '3' seconds
INFO: [USF-XSim-4] XSim::Simulate design
INFO: [USF-XSim-61] Executing 'SIMULATE' step in 'D:/FFT/FFT Architecture/prg16.sim/sim_1/behav/xsim'
INFO: [USF-XSim-98] *** Running xsim
   with args "fft8_tb_behav -key {Behavioral:sim_1:Functional:fft8_tb} -tclbatch {fft8_tb.tcl} -view {{D:/FFT/FFT Architecture/fft8_tb_behav.wcfg}} -log {simulate.log}"
INFO: [USF-XSim-8] Loading simulator feature
Vivado Simulator 2018.3
Time resolution is 1 ps
open_wave_config {D:/FFT/FFT Architecture/fft8_tb_behav.wcfg}
source fft8_tb.tcl
# set curr_wave [current_wave_config]
# if { [string length $curr_wave] == 0 } {
#   if { [llength [get_objects]] > 0} {
#     add_wave /
#     set_property needs_save false [current_wave_config]
#   } else {
#      send_msg_id Add_Wave-1 WARNING "No top level signals found. Simulator will start without a wave window. If you want to open a wave window go to 'File->New Waveform Configuration' or type 'create_wave_config' in the TCL console."
#   }
# }
# run 1000ns
$finish called at time : 120 ns : File "D:/FFT/FFT Architecture/fft8_tb.v" Line 36
xsim: Time (s): cpu = 00:00:14 ; elapsed = 00:00:07 . Memory (MB): peak = 892.555 ; gain = 35.625
INFO: [USF-XSim-96] XSim completed. Design snapshot 'fft8_tb_behav' loaded.
INFO: [USF-XSim-97] XSim simulation ran for 1000ns
launch_simulation: Time (s): cpu = 00:00:19 ; elapsed = 00:00:16 . Memory (MB): peak = 892.555 ; gain = 35.625
set_property top fft8_implementation [current_fileset]
update_compile_order -fileset sources_1
reset_run synth_1
WARNING: [Vivado 12-1017] Problems encountered:
1. Failed to delete one or more files in run directory D:/FFT/FFT Architecture/prg16.runs/synth_1

launch_runs synth_1 -jobs 6
[Fri Apr 10 21:11:03 2026] Launched synth_1...
Run output will be captured here: D:/FFT/FFT Architecture/prg16.runs/synth_1/runme.log
launch_runs impl_1 -jobs 6
[Fri Apr 10 21:12:29 2026] Launched impl_1...
Run output will be captured here: D:/FFT/FFT Architecture/prg16.runs/impl_1/runme.log
open_run impl_1
INFO: [Netlist 29-17] Analyzing 208 Unisim elements for replacement
INFO: [Netlist 29-28] Unisim Transformation completed in 0 CPU seconds
INFO: [Project 1-479] Netlist was created with Vivado 2018.3
INFO: [Device 21-403] Loading part xc7z015clg485-2
INFO: [Project 1-570] Preparing netlist for logic optimization
INFO: [Timing 38-478] Restoring timing data from binary archive.
INFO: [Timing 38-479] Binary timing data restore complete.
INFO: [Project 1-856] Restoring constraints from binary archive.
INFO: [Project 1-853] Binary constraint restore complete.
Reading XDEF placement.
Reading placer database...
Reading XDEF routing.
Read XDEF File: Time (s): cpu = 00:00:01 ; elapsed = 00:00:00.535 . Memory (MB): peak = 1716.031 ; gain = 0.000
Restored from archive | CPU: 1.000000 secs | Memory: 0.000000 MB |
Finished XDEF File Restore: Time (s): cpu = 00:00:01 ; elapsed = 00:00:00.535 . Memory (MB): peak = 1716.031 ; gain = 0.000
Netlist sorting complete. Time (s): cpu = 00:00:00 ; elapsed = 00:00:00.001 . Memory (MB): peak = 1716.031 ; gain = 0.000
INFO: [Project 1-111] Unisim Transformation Summary:
No Unisim elements were transformed.

open_run: Time (s): cpu = 00:00:54 ; elapsed = 00:00:42 . Memory (MB): peak = 1878.871 ; gain = 986.316
synth_design -rtl -name rtl_1
Command: synth_design -rtl -name rtl_1
Starting synth_design
Using part: xc7z015clg485-2
Top: fft8_implementation
---------------------------------------------------------------------------------
Starting RTL Elaboration : Time (s): cpu = 00:00:05 ; elapsed = 00:00:04 . Memory (MB): peak = 1911.492 ; gain = 32.621
---------------------------------------------------------------------------------
INFO: [Synth 8-6157] synthesizing module 'fft8_implementation' [D:/FFT/FFT Architecture/fft8_implementation.v:21]
INFO: [Synth 8-6157] synthesizing module 'fft8_core' [D:/FFT/FFT Architecture/fft8_core.v:34]
INFO: [Synth 8-6157] synthesizing module 'twiddle_mult' [D:/FFT/FFT Architecture/fft8_core.v:22]
INFO: [Synth 8-6155] done synthesizing module 'twiddle_mult' (1#1) [D:/FFT/FFT Architecture/fft8_core.v:22]
INFO: [Synth 8-6155] done synthesizing module 'fft8_core' (2#1) [D:/FFT/FFT Architecture/fft8_core.v:34]
INFO: [Synth 8-6155] done synthesizing module 'fft8_implementation' (3#1) [D:/FFT/FFT Architecture/fft8_implementation.v:21]
---------------------------------------------------------------------------------
Finished RTL Elaboration : Time (s): cpu = 00:00:07 ; elapsed = 00:00:06 . Memory (MB): peak = 1955.738 ; gain = 76.867
---------------------------------------------------------------------------------

Report Check Netlist: 
+------+------------------+-------+---------+-------+------------------+
|      |Item              |Errors |Warnings |Status |Description       |
+------+------------------+-------+---------+-------+------------------+
|1     |multi_driven_nets |      0|        0|Passed |Multi driven nets |
+------+------------------+-------+---------+-------+------------------+
---------------------------------------------------------------------------------
Start Handling Custom Attributes
---------------------------------------------------------------------------------
---------------------------------------------------------------------------------
Finished Handling Custom Attributes : Time (s): cpu = 00:00:07 ; elapsed = 00:00:06 . Memory (MB): peak = 1955.738 ; gain = 76.867
---------------------------------------------------------------------------------
---------------------------------------------------------------------------------
Finished RTL Optimization Phase 1 : Time (s): cpu = 00:00:07 ; elapsed = 00:00:06 . Memory (MB): peak = 1955.738 ; gain = 76.867
---------------------------------------------------------------------------------
INFO: [Project 1-570] Preparing netlist for logic optimization

Processing XDC Constraints
Initializing timing engine
Parsing XDC File [D:/FFT/FFT Architecture/arun.xdc]
Finished Parsing XDC File [D:/FFT/FFT Architecture/arun.xdc]
INFO: [Project 1-236] Implementation specific constraints were found while reading constraint file [D:/FFT/FFT Architecture/arun.xdc]. These constraints will be ignored for synthesis but will be used in implementation. Impacted constraints are listed in the file [.Xil/fft8_implementation_propImpl.xdc].
Resolution: To avoid this warning, move constraints listed in [.Xil/fft8_implementation_propImpl.xdc] to another XDC file and exclude this new file from synthesis with the used_in_synthesis property (File Properties dialog in GUI) and re-run elaboration/synthesis.
Netlist sorting complete. Time (s): cpu = 00:00:00 ; elapsed = 00:00:00.001 . Memory (MB): peak = 2099.367 ; gain = 0.000
Completed Processing XDC Constraints

INFO: [Opt 31-138] Pushed 0 inverter(s) to 0 load pin(s).
Netlist sorting complete. Time (s): cpu = 00:00:00 ; elapsed = 00:00:00 . Memory (MB): peak = 2099.367 ; gain = 0.000
INFO: [Project 1-111] Unisim Transformation Summary:
No Unisim elements were transformed.

RTL Elaboration Complete:  : Time (s): cpu = 00:00:21 ; elapsed = 00:00:14 . Memory (MB): peak = 2258.324 ; gain = 379.453
10 Infos, 0 Warnings, 0 Critical Warnings and 0 Errors encountered.
synth_design completed successfully
synth_design: Time (s): cpu = 00:00:21 ; elapsed = 00:00:14 . Memory (MB): peak = 2258.324 ; gain = 379.453
current_design impl_1
report_utilization -name utilization_1
report_power -name {power_1}
Command: report_power -name power_1
WARNING: [Power 33-232] No user defined clocks were found in the design!
Resolution: Please specify clocks using create_clock/create_generated_clock for sequential elements. For pure combinatorial circuits, please specify a virtual clock, otherwise the vectorless estimation might be inaccurate
Running Vector-less Activity Propagation...

Finished Running Vector-less Activity Propagation
0 Infos, 1 Warnings, 0 Critical Warnings and 0 Errors encountered.
report_power completed successfully
report_timing_summary -delay_type min_max -report_unconstrained -check_timing_verbose -max_paths 10 -input_pins -routable_nets -name timing_1
INFO: [Timing 38-91] UpdateTimingParams: Speed grade: -2, Delay Type: min_max.
INFO: [Timing 38-191] Multithreading enabled for timing update using a maximum of 2 CPUs
close_sim
INFO: [Simtcl 6-16] Simulation closed
exit
INFO: [Common 17-206] Exiting Vivado at Fri Apr 10 21:21:44 2026...
