#-----------------------------------------------------------
# Vivado v2018.3 (64-bit)
# SW Build 2405991 on Thu Dec  6 23:38:27 MST 2018
# IP Build 2404404 on Fri Dec  7 01:43:56 MST 2018
# Start of session at: Fri Apr 10 20:53:16 2026
# Process ID: 21420
# Current directory: D:/FFT/FFT Architecture
# Command line: vivado.exe -gui_launcher_event rodinguilauncherevent22324 D:\FFT\FFT Architecture\prg16.xpr
# Log file: D:/FFT/FFT Architecture/vivado.log
# Journal file: D:/FFT/FFT Architecture\vivado.jou
#-----------------------------------------------------------sstart_guiopen_project {D:/FFT/FFT Architecture/prg16.xpr}
INFO: [Project 1-313] Project file moved from 'D:/FFT/prg16' since last save.
Scanning sources...
Finished scanning sources
INFO: [IP_Flow 19-234] Refreshing IP repositories
INFO: [IP_Flow 19-1704] No user IP repositories specified
INFO: [IP_Flow 19-2313] Loaded Vivado IP repository 'D:/Vivado/2018.3/data/ip'.
open_project: Time (s): cpu = 00:00:39 ; elapsed = 00:00:25 . Memory (MB): peak = 772.395 ; gain = 170.398
update_compile_order -fileset sources_1
set_property top fft8_core [current_fileset]
update_compile_order -fileset sources_1
launch_simulation
INFO: [Vivado 12-5682] Launching behavioral simulation in 'D:/FFT/FFT Architecture/prg16.sim/sim_1/behav/xsim'
INFO: [SIM-utils-51] Simulation object is 'sim_1'
INFO: [SIM-utils-54] Inspecting design source files for 'fft8_tb' in fileset 'sim_1'...
INFO: [USF-XSim-97] Finding global include files...
INFO: [USF-XSim-98] Fetching design files from 'sim_1'...
INFO: [USF-XSim-2] XSim::Compile design
INFO: [USF-XSim-61] Executing 'COMPILE and ANALYZE' step in 'D:/FFT/FFT Architecture/prg16.sim/sim_1/behav/xsim'
"xvlog --incr --relax -prj fft8_tb_vlog.prj"
INFO: [VRFC 10-2263] Analyzing Verilog file "D:/FFT/FFT Architecture/fft8_core.v" into library xil_defaultlib
INFO: [VRFC 10-311] analyzing module twiddle_mult
INFO: [VRFC 10-311] analyzing module fft8_core
INFO: [VRFC 10-2263] Analyzing Verilog file "D:/FFT/FFT Architecture/fft8_tb.v" into library xil_defaultlib
INFO: [VRFC 10-311] analyzing module fft8_tb
INFO: [VRFC 10-2263] Analyzing Verilog file "D:/FFT/FFT Architecture/prg16.sim/sim_1/behav/xsim/glbl.v" into library xil_defaultlib
INFO: [VRFC 10-311] analyzing module glbl
INFO: [USF-XSim-69] 'compile' step finished in '5' seconds
INFO: [USF-XSim-3] XSim::Elaborate design
INFO: [USF-XSim-61] Executing 'ELABORATE' step in 'D:/FFT/FFT Architecture/prg16.sim/sim_1/behav/xsim'
Vivado Simulator 2018.3
Copyright 1986-1999, 2001-2018 Xilinx, Inc. All Rights Reserved.
Running: D:/Vivado/2018.3/bin/unwrapped/win64.o/xelab.exe -wto fe9f048b3c284dc98ed9886bd14248fd --incr --debug typical --relax --mt 2 -L xil_defaultlib -L unisims_ver -L unimacro_ver -L secureip --snapshot fft8_tb_behav xil_defaultlib.fft8_tb xil_defaultlib.glbl -log elaborate.log 
Using 2 slave threads.
Starting static elaboration
Completed static elaboration
Starting simulation data flow analysis
Completed simulation data flow analysis
Time Resolution for simulation is 1ps
Compiling module xil_defaultlib.twiddle_mult
Compiling module xil_defaultlib.fft8_core
Compiling module xil_defaultlib.fft8_tb
Compiling module xil_defaultlib.glbl
Built simulation snapshot fft8_tb_behav

****** Webtalk v2018.3 (64-bit)
  **** SW Build 2405991 on Thu Dec  6 23:38:27 MST 2018
  **** IP Build 2404404 on Fri Dec  7 01:43:56 MST 2018
    ** Copyright 1986-2018 Xilinx, Inc. All Rights Reserved.

source D:/FFT/FFT -notrace
couldn't read file "D:/FFT/FFT": no such file or directory
INFO: [Common 17-206] Exiting Webtalk at Fri Apr 10 21:03:31 2026...
run_program: Time (s): cpu = 00:00:02 ; elapsed = 00:00:10 . Memory (MB): peak = 819.461 ; gain = 0.000
INFO: [USF-XSim-69] 'elaborate' step finished in '10' seconds
INFO: [USF-XSim-4] XSim::Simulate design
INFO: [USF-XSim-61] Executing 'SIMULATE' step in 'D:/FFT/FFT Architecture/prg16.sim/sim_1/behav/xsim'
INFO: [USF-XSim-98] *** Running xsim
   with args "fft8_tb_behav -key {Behavioral:sim_1:Functional:fft8_tb} -tclbatch {fft8_tb.tcl} -view {{D:/FFT/FFT Architecture/fft8_tb_behav.wcfg}} -log {simulate.log}"
INFO: [USF-XSim-8] Loading simulator feature
Vivado Simulator 2018.3
Time resolution is 1 ps
open_wave_config {D:/FFT/FFT Architecture/fft8_tb_behav.wcfg}
source fft8_tb.tcl
# set curr_wave [current_wave_config]
# if { [string length $curr_wave] == 0 } {
#   if { [llength [get_objects]] > 0} {
#     add_wave /
#     set_property needs_save false [current_wave_config]
#   } else {
#      send_msg_id Add_Wave-1 WARNING "No top level signals found. Simulator will start without a wave window. If you want to open a wave window go to 'File->New Waveform Configuration' or type 'create_wave_config' in the TCL console."
#   }
# }
# run 1000ns
$finish called at time : 120 ns : File "D:/FFT/FFT Architecture/fft8_tb.v" Line 36
xsim: Time (s): cpu = 00:00:14 ; elapsed = 00:00:07 . Memory (MB): peak = 865.750 ; gain = 46.289
INFO: [USF-XSim-96] XSim completed. Design snapshot 'fft8_tb_behav' loaded.
INFO: [USF-XSim-97] XSim simulation ran for 1000ns
launch_simulation: Time (s): cpu = 00:00:18 ; elapsed = 00:00:24 . Memory (MB): peak = 865.750 ; gain = 46.289
reset_run synth_1
WARNING: [Vivado 12-1017] Problems encountered:
1. Failed to delete one or more files in run directory D:/FFT/FFT Architecture/prg16.runs/synth_1

launch_runs synth_1 -jobs 6
[Fri Apr 10 21:04:24 2026] Launched synth_1...
Run output will be captured here: D:/FFT/FFT Architecture/prg16.runs/synth_1/runme.log
launch_runs impl_1 -jobs 6
[Fri Apr 10 21:05:54 2026] Launched impl_1...
Run output will be captured here: D:/FFT/FFT Architecture/prg16.runs/impl_1/runme.log
close_sim
INFO: [Simtcl 6-16] Simulation closed
close_sim: Time (s): cpu = 00:00:07 ; elapsed = 00:00:06 . Memory (MB): peak = 929.992 ; gain = 0.000
exit
INFO: [Common 17-206] Exiting Vivado at Fri Apr 10 21:08:22 2026...
