#-----------------------------------------------------------
# Vivado v2018.3 (64-bit)
# SW Build 2405991 on Thu Dec  6 23:38:27 MST 2018
# IP Build 2404404 on Fri Dec  7 01:43:56 MST 2018
# Start of session at: Mon Apr 13 09:35:47 2026
# Process ID: 7924
# Current directory: D:/FFT/FFT Architecture
# Command line: vivado.exe -gui_launcher_event rodinguilauncherevent5276 D:\FFT\FFT Architecture\prg16.xpr
# Log file: D:/FFT/FFT Architecture/vivado.log
# Journal file: D:/FFT/FFT Architecture\vivado.jou
#-----------------------------------------------------------
start_gui
open_project {D:/FFT/FFT Architecture/prg16.xpr}
Scanning sources...
Finished scanning sources
INFO: [IP_Flow 19-234] Refreshing IP repositories
INFO: [IP_Flow 19-1704] No user IP repositories specified
INFO: [IP_Flow 19-2313] Loaded Vivado IP repository 'D:/Vivado/2018.3/data/ip'.
open_project: Time (s): cpu = 00:00:11 ; elapsed = 00:00:06 . Memory (MB): peak = 1013.402 ; gain = 143.316
update_compile_order -fileset sources_1
