Copyright 1986-2018 Xilinx, Inc. All Rights Reserved.
------------------------------------------------------------------------------------------------
| Tool Version : Vivado v.2018.3 (win64) Build 2405991 Thu Dec  6 23:38:27 MST 2018
| Date         : Mon May 18 15:53:22 2026
| Host         : AKDK running 64-bit major release  (build 9200)
| Command      : report_control_sets -verbose -file fft8_implementation_control_sets_placed.rpt
| Design       : fft8_implementation
| Device       : xc7z015
------------------------------------------------------------------------------------------------

Control Set Information

Table of Contents
-----------------
1. Summary
2. Histogram
3. Flip-Flop Distribution
4. Detailed Control Set Information

1. Summary
----------

+----------------------------------------------------------+-------+
|                          Status                          | Count |
+----------------------------------------------------------+-------+
| Number of unique control sets                            |    10 |
| Unused register locations in slices containing registers |     5 |
+----------------------------------------------------------+-------+


2. Histogram
------------

+--------+--------------+
| Fanout | Control Sets |
+--------+--------------+
|    16+ |           10 |
+--------+--------------+


3. Flip-Flop Distribution
-------------------------

+--------------+-----------------------+------------------------+-----------------+--------------+
| Clock Enable | Synchronous Set/Reset | Asynchronous Set/Reset | Total Registers | Total Slices |
+--------------+-----------------------+------------------------+-----------------+--------------+
| No           | No                    | No                     |               0 |            0 |
| No           | No                    | Yes                    |               0 |            0 |
| No           | Yes                   | No                     |             259 |           66 |
| Yes          | No                    | No                     |             288 |          100 |
| Yes          | No                    | Yes                    |               0 |            0 |
| Yes          | Yes                   | No                     |               0 |            0 |
+--------------+-----------------------+------------------------+-----------------+--------------+


4. Detailed Control Set Information
-----------------------------------

+----------------+-------------------+------------------+------------------+----------------+
|  Clock Signal  |   Enable Signal   | Set/Reset Signal | Slice Load Count | Bel Load Count |
+----------------+-------------------+------------------+------------------+----------------+
|  clk_IBUF_BUFG | out_r[15]_i_1_n_0 |                  |               19 |             32 |
|  clk_IBUF_BUFG | xr[3][15]_i_1_n_0 |                  |                7 |             32 |
|  clk_IBUF_BUFG | xr[6][15]_i_1_n_0 |                  |                9 |             32 |
|  clk_IBUF_BUFG | xr[5][15]_i_1_n_0 |                  |               10 |             32 |
|  clk_IBUF_BUFG | xr[2][15]_i_1_n_0 |                  |                9 |             32 |
|  clk_IBUF_BUFG | xr[4][15]_i_1_n_0 |                  |               12 |             32 |
|  clk_IBUF_BUFG | xr[0][15]_i_1_n_0 |                  |               13 |             32 |
|  clk_IBUF_BUFG | xr[7][15]_i_1_n_0 |                  |                9 |             32 |
|  clk_IBUF_BUFG | xr[1][15]_i_1_n_0 |                  |               12 |             32 |
|  clk_IBUF_BUFG |                   | rst_IBUF         |               66 |            259 |
+----------------+-------------------+------------------+------------------+----------------+


